# JRE version: OpenJDK Runtime Environment Temurin-21.0.10+7 (21.0.10+7) (build 21.0.10+7-LTS)
# Java VM: OpenJDK 64-Bit Server VM Temurin-21.0.10+7 (21.0.10+7-LTS, mixed mode, sharing, tiered, compressed oops, compressed class ptrs, parallel gc, windows-amd64)
GC Precious Log:
 CardTable entry size: 512
 CPUs: 12 total, 12 available
 Memory: 16024M
 Large Page Support: Disabled
 NUMA Support: Disabled
 Compressed Oops: Enabled (32-bit)
 Alignments: Space 512K, Generation 512K, Heap 2M
 Heap Min Capacity: 100M
 Heap Initial Capacity: 100M
 Heap Max Capacity: 2G
 Pre-touch: Disabled
 Parallel Workers: 10
Heap:
 PSYoungGen      total 5632K, used 4904K [0x00000000d5580000, 0x00000000d5d80000, 0x0000000100000000)
  eden space 4096K, 82% used [0x00000000d5580000,0x00000000d58cee28,0x00000000d5980000)
  from space 1536K, 98% used [0x00000000d5a80000,0x00000000d5bfb268,0x00000000d5c00000)
  to   space 1536K, 99% used [0x00000000d5c00000,0x00000000d5d7dcd0,0x00000000d5d80000)
 ParOldGen       total 693760K, used 693596K [0x0000000080000000, 0x00000000aa580000, 0x00000000d5580000)
  object space 693760K, 99% used [0x0000000080000000,0x00000000aa557230,0x00000000aa580000)
 Metaspace       used 74802K, committed 76544K, reserved 1179648K
  class space    used 7269K, committed 8064K, reserved 1048576K
GC Heap History (20 events):
Event: 2089.798 GC heap before
{Heap before GC invocations=3508 (full 10):
 PSYoungGen      total 7680K, used 5728K [0x00000000d5580000, 0x00000000d5f00000, 0x0000000100000000)
  eden space 4608K, 100% used [0x00000000d5580000,0x00000000d5a00000,0x00000000d5a00000)
  from space 3072K, 36% used [0x00000000d5a00000,0x00000000d5b18000,0x00000000d5d00000)
  to   space 2048K, 0% used [0x00000000d5d00000,0x00000000d5d00000,0x00000000d5f00000)
 ParOldGen       total 645632K, used 645189K [0x0000000080000000, 0x00000000a7680000, 0x00000000d5580000)
  object space 645632K, 99% used [0x0000000080000000,0x00000000a7611780,0x00000000a7680000)
 Metaspace       used 74788K, committed 76544K, reserved 1179648K
  class space    used 7269K, committed 8064K, reserved 1048576K
}
Event: 2089.800 GC heap after
{Heap after GC invocations=3508 (full 10):
 PSYoungGen      total 7168K, used 2016K [0x00000000d5580000, 0x00000000d6000000, 0x0000000100000000)
  eden space 5120K, 0% used [0x00000000d5580000,0x00000000d5580000,0x00000000d5a80000)
  from space 2048K, 98% used [0x00000000d5d00000,0x00000000d5ef8020,0x00000000d5f00000)
  to   space 2560K, 0% used [0x00000000d5a80000,0x00000000d5a80000,0x00000000d5d00000)
 ParOldGen       total 646656K, used 646165K [0x0000000080000000, 0x00000000a7780000, 0x00000000d5580000)
  object space 646656K, 99% used [0x0000000080000000,0x00000000a7705780,0x00000000a7780000)
 Metaspace       used 74788K, committed 76544K, reserved 1179648K
  class space    used 7269K, committed 8064K, reserved 1048576K
}
Event: 2089.807 GC heap before
{Heap before GC invocations=3509 (full 10):
 PSYoungGen      total 7168K, used 7136K [0x00000000d5580000, 0x00000000d6000000, 0x0000000100000000)
  eden space 5120K, 100% used [0x00000000d5580000,0x00000000d5a80000,0x00000000d5a80000)
  from space 2048K, 98% used [0x00000000d5d00000,0x00000000d5ef8020,0x00000000d5f00000)
  to   space 2560K, 0% used [0x00000000d5a80000,0x00000000d5a80000,0x00000000d5d00000)
 ParOldGen       total 646656K, used 646165K [0x0000000080000000, 0x00000000a7780000, 0x00000000d5580000)
  object space 646656K, 99% used [0x0000000080000000,0x00000000a7705780,0x00000000a7780000)
 Metaspace       used 74788K, committed 76544K, reserved 1179648K
  class space    used 7269K, committed 8064K, reserved 1048576K
}
Event: 2089.810 GC heap after
{Heap after GC invocations=3509 (full 10):
 PSYoungGen      total 7680K, used 1600K [0x00000000d5580000, 0x00000000d5f80000, 0x0000000100000000)
  eden space 5120K, 0% used [0x00000000d5580000,0x00000000d5580000,0x00000000d5a80000)
  from space 2560K, 62% used [0x00000000d5a80000,0x00000000d5c10020,0x00000000d5d00000)
  to   space 2048K, 0% used [0x00000000d5d80000,0x00000000d5d80000,0x00000000d5f80000)
 ParOldGen       total 648192K, used 648029K [0x0000000080000000, 0x00000000a7900000, 0x00000000d5580000)
  object space 648192K, 99% used [0x0000000080000000,0x00000000a78d77a0,0x00000000a7900000)
 Metaspace       used 74788K, committed 76544K, reserved 1179648K
  class space    used 7269K, committed 8064K, reserved 1048576K
}
Event: 2089.822 GC heap before
{Heap before GC invocations=3510 (full 10):
 PSYoungGen      total 7680K, used 6720K [0x00000000d5580000, 0x00000000d5f80000, 0x0000000100000000)
  eden space 5120K, 99% used [0x00000000d5580000,0x00000000d5a7fff0,0x00000000d5a80000)
  from space 2560K, 62% used [0x00000000d5a80000,0x00000000d5c10020,0x00000000d5d00000)
  to   space 2048K, 0% used [0x00000000d5d80000,0x00000000d5d80000,0x00000000d5f80000)
 ParOldGen       total 648192K, used 648029K [0x0000000080000000, 0x00000000a7900000, 0x00000000d5580000)
  object space 648192K, 99% used [0x0000000080000000,0x00000000a78d77a0,0x00000000a7900000)
 Metaspace       used 74788K, committed 76544K, reserved 1179648K
  class space    used 7269K, committed 8064K, reserved 1048576K
}
Event: 2089.825 GC heap after
{Heap after GC invocations=3510 (full 10):
 PSYoungGen      total 6144K, used 2048K [0x00000000d5580000, 0x00000000d6380000, 0x0000000100000000)
  eden space 4096K, 0% used [0x00000000d5580000,0x00000000d5580000,0x00000000d5980000)
  from space 2048K, 100% used [0x00000000d5d80000,0x00000000d5f80000,0x00000000d5f80000)
  to   space 4096K, 0% used [0x00000000d5980000,0x00000000d5980000,0x00000000d5d80000)
 ParOldGen       total 649728K, used 649677K [0x0000000080000000, 0x00000000a7a80000, 0x00000000d5580000)
  object space 649728K, 99% used [0x0000000080000000,0x00000000a7a737c0,0x00000000a7a80000)
 Metaspace       used 74788K, committed 76544K, reserved 1179648K
  class space    used 7269K, committed 8064K, reserved 1048576K
}
Event: 2089.838 GC heap before
{Heap before GC invocations=3511 (full 10):
 PSYoungGen      total 6144K, used 6143K [0x00000000d5580000, 0x00000000d6380000, 0x0000000100000000)
  eden space 4096K, 99% used [0x00000000d5580000,0x00000000d597ffd8,0x00000000d5980000)
  from space 2048K, 100% used [0x00000000d5d80000,0x00000000d5f80000,0x00000000d5f80000)
  to   space 4096K, 0% used [0x00000000d5980000,0x00000000d5980000,0x00000000d5d80000)
 ParOldGen       total 649728K, used 649677K [0x0000000080000000, 0x00000000a7a80000, 0x00000000d5580000)
  object space 649728K, 99% used [0x0000000080000000,0x00000000a7a737c0,0x00000000a7a80000)
 Metaspace       used 74788K, committed 76544K, reserved 1179648K
  class space    used 7269K, committed 8064K, reserved 1048576K
}
Event: 2089.842 GC heap after
{Heap after GC invocations=3511 (full 10):
 PSYoungGen      total 6144K, used 1786K [0x00000000d5580000, 0x00000000d5f80000, 0x0000000100000000)
  eden space 4096K, 0% used [0x00000000d5580000,0x00000000d5580000,0x00000000d5980000)
  from space 2048K, 87% used [0x00000000d5980000,0x00000000d5b3e998,0x00000000d5b80000)
  to   space 2560K, 0% used [0x00000000d5d00000,0x00000000d5d00000,0x00000000d5f80000)
 ParOldGen       total 651776K, used 651725K [0x0000000080000000, 0x00000000a7c80000, 0x00000000d5580000)
  object space 651776K, 99% used [0x0000000080000000,0x00000000a7c737e0,0x00000000a7c80000)
 Metaspace       used 74788K, committed 76544K, reserved 1179648K
  class space    used 7269K, committed 8064K, reserved 1048576K
}
Event: 2089.876 GC heap before
{Heap before GC invocations=3512 (full 10):
 PSYoungGen      total 6144K, used 5882K [0x00000000d5580000, 0x00000000d5f80000, 0x0000000100000000)
  eden space 4096K, 100% used [0x00000000d5580000,0x00000000d5980000,0x00000000d5980000)
  from space 2048K, 87% used [0x00000000d5980000,0x00000000d5b3e998,0x00000000d5b80000)
  to   space 2560K, 0% used [0x00000000d5d00000,0x00000000d5d00000,0x00000000d5f80000)
 ParOldGen       total 651776K, used 651725K [0x0000000080000000, 0x00000000a7c80000, 0x00000000d5580000)
  object space 651776K, 99% used [0x0000000080000000,0x00000000a7c737e0,0x00000000a7c80000)
 Metaspace       used 74788K, committed 76544K, reserved 1179648K
  class space    used 7269K, committed 8064K, reserved 1048576K
}
Event: 2089.880 GC heap after
{Heap after GC invocations=3512 (full 10):
 PSYoungGen      total 5632K, used 1152K [0x00000000d5580000, 0x00000000d5e80000, 0x0000000100000000)
  eden space 4096K, 0% used [0x00000000d5580000,0x00000000d5580000,0x00000000d5980000)
  from space 1536K, 75% used [0x00000000d5d00000,0x00000000d5e20000,0x00000000d5e80000)
  to   space 1536K, 0% used [0x00000000d5b80000,0x00000000d5b80000,0x00000000d5d00000)
 ParOldGen       total 653312K, used 653221K [0x0000000080000000, 0x00000000a7e00000, 0x00000000d5580000)
  object space 653312K, 99% used [0x0000000080000000,0x00000000a7de94f8,0x00000000a7e00000)
 Metaspace       used 74788K, committed 76544K, reserved 1179648K
  class space    used 7269K, committed 8064K, reserved 1048576K
}
Event: 2089.898 GC heap before
{Heap before GC invocations=3513 (full 10):
 PSYoungGen      total 5632K, used 5248K [0x00000000d5580000, 0x00000000d5e80000, 0x0000000100000000)
  eden space 4096K, 100% used [0x00000000d5580000,0x00000000d5980000,0x00000000d5980000)
  from space 1536K, 75% used [0x00000000d5d00000,0x00000000d5e20000,0x00000000d5e80000)
  to   space 1536K, 0% used [0x00000000d5b80000,0x00000000d5b80000,0x00000000d5d00000)
 ParOldGen       total 653312K, used 653221K [0x0000000080000000, 0x00000000a7e00000, 0x00000000d5580000)
  object space 653312K, 99% used [0x0000000080000000,0x00000000a7de94f8,0x00000000a7e00000)
 Metaspace       used 74788K, committed 76544K, reserved 1179648K
  class space    used 7269K, committed 8064K, reserved 1048576K
}
Event: 2089.901 GC heap after
{Heap after GC invocations=3513 (full 10):
 PSYoungGen      total 5632K, used 1527K [0x00000000d5580000, 0x00000000d5f80000, 0x0000000100000000)
  eden space 4096K, 0% used [0x00000000d5580000,0x00000000d5580000,0x00000000d5980000)
  from space 1536K, 99% used [0x00000000d5b80000,0x00000000d5cfddd0,0x00000000d5d00000)
  to   space 2560K, 0% used [0x00000000d5d00000,0x00000000d5d00000,0x00000000d5f80000)
 ParOldGen       total 654336K, used 654177K [0x0000000080000000, 0x00000000a7f00000, 0x00000000d5580000)
  object space 654336K, 99% used [0x0000000080000000,0x00000000a7ed8658,0x00000000a7f00000)
 Metaspace       used 74788K, committed 76544K, reserved 1179648K
  class space    used 7269K, committed 8064K, reserved 1048576K
}
Event: 2089.950 GC heap before
{Heap before GC invocations=3514 (full 10):
 PSYoungGen      total 5632K, used 5623K [0x00000000d5580000, 0x00000000d5f80000, 0x0000000100000000)
  eden space 4096K, 100% used [0x00000000d5580000,0x00000000d5980000,0x00000000d5980000)
  from space 1536K, 99% used [0x00000000d5b80000,0x00000000d5cfddd0,0x00000000d5d00000)
  to   space 2560K, 0% used [0x00000000d5d00000,0x00000000d5d00000,0x00000000d5f80000)
 ParOldGen       total 654336K, used 654177K [0x0000000080000000, 0x00000000a7f00000, 0x00000000d5580000)
  object space 654336K, 99% used [0x0000000080000000,0x00000000a7ed8658,0x00000000a7f00000)
 Metaspace       used 74791K, committed 76544K, reserved 1179648K
  class space    used 7269K, committed 8064K, reserved 1048576K
}
Event: 2089.955 GC heap after
{Heap after GC invocations=3514 (full 10):
 PSYoungGen      total 6656K, used 2400K [0x00000000d5580000, 0x00000000d5f80000, 0x0000000100000000)
  eden space 4096K, 0% used [0x00000000d5580000,0x00000000d5580000,0x00000000d5980000)
  from space 2560K, 93% used [0x00000000d5d00000,0x00000000d5f58000,0x00000000d5f80000)
  to   space 2560K, 0% used [0x00000000d5a80000,0x00000000d5a80000,0x00000000d5d00000)
 ParOldGen       total 656384K, used 656110K [0x0000000080000000, 0x00000000a8100000, 0x00000000d5580000)
  object space 656384K, 99% used [0x0000000080000000,0x00000000a80bba90,0x00000000a8100000)
 Metaspace       used 74791K, committed 76544K, reserved 1179648K
  class space    used 7269K, committed 8064K, reserved 1048576K
}
Event: 2090.104 GC heap before
{Heap before GC invocations=3515 (full 10):
 PSYoungGen      total 6656K, used 6496K [0x00000000d5580000, 0x00000000d5f80000, 0x0000000100000000)
  eden space 4096K, 100% used [0x00000000d5580000,0x00000000d5980000,0x00000000d5980000)
  from space 2560K, 93% used [0x00000000d5d00000,0x00000000d5f58000,0x00000000d5f80000)
  to   space 2560K, 0% used [0x00000000d5a80000,0x00000000d5a80000,0x00000000d5d00000)
 ParOldGen       total 688128K, used 686830K [0x0000000080000000, 0x00000000aa000000, 0x00000000d5580000)
  object space 688128K, 99% used [0x0000000080000000,0x00000000a9ebbac0,0x00000000aa000000)
 Metaspace       used 74796K, committed 76544K, reserved 1179648K
  class space    used 7269K, committed 8064K, reserved 1048576K
}
Event: 2090.108 GC heap after
{Heap after GC invocations=3515 (full 10):
 PSYoungGen      total 5120K, used 928K [0x00000000d5580000, 0x00000000d5d80000, 0x0000000100000000)
  eden space 4096K, 0% used [0x00000000d5580000,0x00000000d5580000,0x00000000d5980000)
  from space 1024K, 90% used [0x00000000d5a80000,0x00000000d5b68000,0x00000000d5b80000)
  to   space 1536K, 0% used [0x00000000d5c00000,0x00000000d5c00000,0x00000000d5d80000)
 ParOldGen       total 688640K, used 688573K [0x0000000080000000, 0x00000000aa080000, 0x00000000d5580000)
  object space 688640K, 99% used [0x0000000080000000,0x00000000aa06f628,0x00000000aa080000)
 Metaspace       used 74796K, committed 76544K, reserved 1179648K
  class space    used 7269K, committed 8064K, reserved 1048576K
}
Event: 2090.181 GC heap before
{Heap before GC invocations=3516 (full 10):
 PSYoungGen      total 5120K, used 5024K [0x00000000d5580000, 0x00000000d5d80000, 0x0000000100000000)
  eden space 4096K, 100% used [0x00000000d5580000,0x00000000d5980000,0x00000000d5980000)
  from space 1024K, 90% used [0x00000000d5a80000,0x00000000d5b68000,0x00000000d5b80000)
  to   space 1536K, 0% used [0x00000000d5c00000,0x00000000d5c00000,0x00000000d5d80000)
 ParOldGen       total 688640K, used 688573K [0x0000000080000000, 0x00000000aa080000, 0x00000000d5580000)
  object space 688640K, 99% used [0x0000000080000000,0x00000000aa06f628,0x00000000aa080000)
 Metaspace       used 74801K, committed 76544K, reserved 1179648K
  class space    used 7269K, committed 8064K, reserved 1048576K
}
Event: 2090.183 GC heap after
{Heap after GC invocations=3516 (full 10):
 PSYoungGen      total 5632K, used 1053K [0x00000000d5580000, 0x00000000d5d80000, 0x0000000100000000)
  eden space 4096K, 0% used [0x00000000d5580000,0x00000000d5580000,0x00000000d5980000)
  from space 1536K, 68% used [0x00000000d5c00000,0x00000000d5d075a8,0x00000000d5d80000)
  to   space 1536K, 0% used [0x00000000d5a80000,0x00000000d5a80000,0x00000000d5c00000)
 ParOldGen       total 689664K, used 689293K [0x0000000080000000, 0x00000000aa180000, 0x00000000d5580000)
  object space 689664K, 99% used [0x0000000080000000,0x00000000aa123628,0x00000000aa180000)
 Metaspace       used 74801K, committed 76544K, reserved 1179648K
  class space    used 7269K, committed 8064K, reserved 1048576K
}
Event: 2090.217 GC heap before
{Heap before GC invocations=3517 (full 10):
 PSYoungGen      total 5632K, used 4867K [0x00000000d5580000, 0x00000000d5d80000, 0x0000000100000000)
  eden space 4096K, 93% used [0x00000000d5580000,0x00000000d59396f8,0x00000000d5980000)
  from space 1536K, 68% used [0x00000000d5c00000,0x00000000d5d075a8,0x00000000d5d80000)
  to   space 1536K, 0% used [0x00000000d5a80000,0x00000000d5a80000,0x00000000d5c00000)
 ParOldGen       total 689664K, used 689293K [0x0000000080000000, 0x00000000aa180000, 0x00000000d5580000)
  object space 689664K, 99% used [0x0000000080000000,0x00000000aa123628,0x00000000aa180000)
 Metaspace       used 74802K, committed 76544K, reserved 1179648K
  class space    used 7269K, committed 8064K, reserved 1048576K
}
Event: 2090.219 GC heap after
{Heap after GC invocations=3517 (full 10):
 PSYoungGen      total 5632K, used 1516K [0x00000000d5580000, 0x00000000d5d80000, 0x0000000100000000)
  eden space 4096K, 0% used [0x00000000d5580000,0x00000000d5580000,0x00000000d5980000)
  from space 1536K, 98% used [0x00000000d5a80000,0x00000000d5bfb268,0x00000000d5c00000)
  to   space 1536K, 0% used [0x00000000d5c00000,0x00000000d5c00000,0x00000000d5d80000)
 ParOldGen       total 691712K, used 691685K [0x0000000080000000, 0x00000000aa380000, 0x00000000d5580000)
  object space 691712K, 99% used [0x0000000080000000,0x00000000aa379528,0x00000000aa380000)
 Metaspace       used 74802K, committed 76544K, reserved 1179648K
  class space    used 7269K, committed 8064K, reserved 1048576K
}

